Determining if the pthread_create exist failed with the following output:
Change Dir: /home/unomove/catkin_ws/build/CMakeFiles/CMakeTmp

Run Build Command:"/usr/bin/make" "cmTC_18a89/fast"
/usr/bin/make -f CMakeFiles/cmTC_18a89.dir/build.make CMakeFiles/cmTC_18a89.dir/build
make[1]: Entering directory '/home/unomove/catkin_ws/build/CMakeFiles/CMakeTmp'
Building C object CMakeFiles/cmTC_18a89.dir/CheckSymbolExists.c.o
/usr/bin/cc    -o CMakeFiles/cmTC_18a89.dir/CheckSymbolExists.c.o   -c /home/unomove/catkin_ws/build/CMakeFiles/CMakeTmp/CheckSymbolExists.c
Linking C executable cmTC_18a89
/usr/bin/cmake -E cmake_link_script CMakeFiles/cmTC_18a89.dir/link.txt --verbose=1
/usr/bin/cc      -rdynamic CMakeFiles/cmTC_18a89.dir/CheckSymbolExists.c.o  -o cmTC_18a89 
CMakeFiles/cmTC_18a89.dir/CheckSymbolExists.c.o: In function `main':
CheckSymbolExists.c:(.text+0x14): undefined reference to `pthread_create'
CheckSymbolExists.c:(.text+0x18): undefined reference to `pthread_create'
collect2: error: ld returned 1 exit status
CMakeFiles/cmTC_18a89.dir/build.make:97: recipe for target 'cmTC_18a89' failed
make[1]: *** [cmTC_18a89] Error 1
make[1]: Leaving directory '/home/unomove/catkin_ws/build/CMakeFiles/CMakeTmp'
Makefile:126: recipe for target 'cmTC_18a89/fast' failed
make: *** [cmTC_18a89/fast] Error 2

File /home/unomove/catkin_ws/build/CMakeFiles/CMakeTmp/CheckSymbolExists.c:
/* */
#include <pthread.h>

int main(int argc, char** argv)
{
  (void)argv;
#ifndef pthread_create
  return ((int*)(&pthread_create))[argc];
#else
  (void)argc;
  return 0;
#endif
}

Determining if the function pthread_create exists in the pthreads failed with the following output:
Change Dir: /home/unomove/catkin_ws/build/CMakeFiles/CMakeTmp

Run Build Command:"/usr/bin/make" "cmTC_15291/fast"
/usr/bin/make -f CMakeFiles/cmTC_15291.dir/build.make CMakeFiles/cmTC_15291.dir/build
make[1]: Entering directory '/home/unomove/catkin_ws/build/CMakeFiles/CMakeTmp'
Building C object CMakeFiles/cmTC_15291.dir/CheckFunctionExists.c.o
/usr/bin/cc   -DCHECK_FUNCTION_EXISTS=pthread_create   -o CMakeFiles/cmTC_15291.dir/CheckFunctionExists.c.o   -c /usr/share/cmake-3.10/Modules/CheckFunctionExists.c
Linking C executable cmTC_15291
/usr/bin/cmake -E cmake_link_script CMakeFiles/cmTC_15291.dir/link.txt --verbose=1
/usr/bin/cc  -DCHECK_FUNCTION_EXISTS=pthread_create    -rdynamic CMakeFiles/cmTC_15291.dir/CheckFunctionExists.c.o  -o cmTC_15291 -lpthreads 
/usr/bin/ld: cannot find -lpthreads
collect2: error: ld returned 1 exit status
CMakeFiles/cmTC_15291.dir/build.make:97: recipe for target 'cmTC_15291' failed
make[1]: *** [cmTC_15291] Error 1
make[1]: Leaving directory '/home/unomove/catkin_ws/build/CMakeFiles/CMakeTmp'
Makefile:126: recipe for target 'cmTC_15291/fast' failed
make: *** [cmTC_15291/fast] Error 2


